<?xml version="1.0" encoding="UTF-8"?>
<!-- Generated by org.testng.reporters.JUnitReportReporter -->
<testsuite name="com.cmtests.all.COOLUATTest" tests="1" time="5.053" ignored="0" failures="0" timestamp="11 Sep 2017 09:53:30 GMT" skipped="0" hostname="IBM655-PC07ZFRS" errors="0">
  <testcase name="coolStagingTest" time="5.053" classname="com.cmtests.all.COOLUATTest"/>
</testsuite> <!-- com.cmtests.all.COOLUATTest -->
