<?xml version="1.0" encoding="UTF-8"?>
<!-- Generated by org.testng.reporters.JUnitReportReporter -->
<testsuite name="com.cmtests.all.COOLProdMirrorTest" tests="1" time="5.032" ignored="0" failures="0" timestamp="11 Sep 2017 09:57:13 GMT" skipped="0" hostname="IBM655-PC07ZFRS" errors="0">
  <testcase name="coolStagingTest" time="5.032" classname="com.cmtests.all.COOLProdMirrorTest"/>
</testsuite> <!-- com.cmtests.all.COOLProdMirrorTest -->
