<?xml version="1.0" encoding="UTF-8"?>
<!-- Generated by org.testng.reporters.JUnitReportReporter -->
<testsuite name="com.cmtests.all.COOLStagingTest" tests="1" time="5.169" ignored="0" failures="0" timestamp="11 Sep 2017 09:46:19 GMT" skipped="0" hostname="IBM655-PC07ZFRS" errors="0">
  <testcase name="coolStagingTest" time="5.169" classname="com.cmtests.all.COOLStagingTest"/>
</testsuite> <!-- com.cmtests.all.COOLStagingTest -->
