<?xml version="1.0" encoding="UTF-8"?>
<!-- Generated by org.testng.reporters.JUnitReportReporter -->
<testsuite name="com.cmtests.all.COOLProductionBPTest" tests="1" time="7.405" ignored="0" failures="0" timestamp="11 Sep 2017 09:37:53 GMT" skipped="0" hostname="IBM655-PC07ZFRS" errors="0">
  <testcase name="coolTest" time="7.405" classname="com.cmtests.all.COOLProductionBPTest"/>
</testsuite> <!-- com.cmtests.all.COOLProductionBPTest -->
