<?xml version="1.0" encoding="UTF-8"?>
<!-- Generated by org.testng.reporters.JUnitReportReporter -->
<testsuite name="com.cmtests.all.CloudSolutionToolTest" tests="1" time="4.857" ignored="0" failures="0" timestamp="11 Sep 2017 07:39:02 GMT" skipped="0" hostname="IBM655-PC07ZFRS" errors="0">
  <testcase name="cTest" time="4.857" classname="com.cmtests.all.CloudSolutionToolTest"/>
</testsuite> <!-- com.cmtests.all.CloudSolutionToolTest -->
