<?xml version="1.0" encoding="UTF-8"?>
<!-- Generated by org.testng.reporters.JUnitReportReporter -->
<testsuite name="com.cmtests.all.OracleConfiguratorTest" tests="1" time="5.022" ignored="0" failures="0" timestamp="07 Sep 2017 10:11:13 GMT" skipped="0" hostname="IBM655-PC07ZFRS" errors="0">
  <testcase name="configTest" time="5.022" classname="com.cmtests.all.OracleConfiguratorTest"/>
</testsuite> <!-- com.cmtests.all.OracleConfiguratorTest -->
